2022.07.21 13:45:49 INFO  tracing is disabled for protocol LSP, to enable tracing of incoming and outgoing JSON messages create an empty file at /Users/mikeburns/Documents/hmrc/digital-disclosure-service-frontend/.metals/lsp.trace.json or /Users/mikeburns/Library/Caches/org.scalameta.metals/lsp.trace.json
2022.07.21 13:45:51 INFO  logging to file /Users/mikeburns/Documents/hmrc/digital-disclosure-service-frontend/.metals/metals.log
2022.07.21 13:45:51 INFO  Started: Metals version 0.11.7 in workspace '/Users/mikeburns/Documents/hmrc/digital-disclosure-service-frontend' for client Visual Studio Code 1.67.1.
2022.07.21 13:45:52 INFO  time: initialize in 1.85s
2022.07.21 13:45:53 WARN  Flyway upgrade recommended: H2 2.1.214 is newer than this version of Flyway and support has not been tested. The latest supported version of H2 is 2.1.210.
2022.07.21 13:45:53 WARN  Build server is not auto-connectable.
2022.07.21 13:46:01 WARN  no build target for: /Users/mikeburns/Documents/hmrc/digital-disclosure-service-frontend/app/navigation/Navigator.scala
2022.07.21 13:46:10 INFO  no build target found for /Users/mikeburns/Documents/hmrc/digital-disclosure-service-frontend/app/navigation/Navigator.scala. Using presentation compiler with project's scala-library version: 3.1.3
2022.07.21 13:46:14 INFO  time: code lens generation in 12s
2022.07.21 13:46:14 INFO  time: code lens generation in 12s
2022.07.21 13:46:27 WARN  no build target for: /Users/mikeburns/Documents/hmrc/digital-disclosure-service-frontend/app/models/Enumerable.scala
2022.07.21 13:46:28 WARN  no build target for: /Users/mikeburns/Documents/hmrc/digital-disclosure-service-frontend/app/models/package.scala
2022.07.21 13:46:29 WARN  no build target for: /Users/mikeburns/Documents/hmrc/digital-disclosure-service-frontend/app/models/Mode.scala
2022.07.21 13:46:33 WARN  no build target for: /Users/mikeburns/Documents/hmrc/digital-disclosure-service-frontend/app/models/UserAnswers.scala
2022.07.21 13:46:33 WARN  no build target for: /Users/mikeburns/Documents/hmrc/digital-disclosure-service-frontend/app/models/WithName.scala
2022.07.21 13:46:38 WARN  no build target for: /Users/mikeburns/Documents/hmrc/digital-disclosure-service-frontend/app/queries/Query.scala
2022.07.21 13:46:40 WARN  no build target for: /Users/mikeburns/Documents/hmrc/digital-disclosure-service-frontend/app/repositories/SessionRepository.scala
2022.07.21 13:46:49 WARN  no build target for: /Users/mikeburns/Documents/hmrc/digital-disclosure-service-frontend/app/models/UserAnswers.scala
2022.07.21 13:47:09 WARN  no build target for: /Users/mikeburns/Documents/hmrc/digital-disclosure-service-frontend/app/models/requests/IdentifierRequest.scala
2022.07.21 13:47:09 WARN  no build target for: /Users/mikeburns/Documents/hmrc/digital-disclosure-service-frontend/app/models/requests/DataRequest.scala
2022.07.21 13:47:12 WARN  no build target for: /Users/mikeburns/Documents/hmrc/digital-disclosure-service-frontend/app/forms/mappings/Constraints.scala
2022.07.21 13:47:14 WARN  no build target for: /Users/mikeburns/Documents/hmrc/digital-disclosure-service-frontend/app/forms/mappings/Formatters.scala
2022.07.21 13:47:15 WARN  no build target for: /Users/mikeburns/Documents/hmrc/digital-disclosure-service-frontend/app/forms/mappings/Constraints.scala
2022.07.21 13:47:17 WARN  no build target for: /Users/mikeburns/Documents/hmrc/digital-disclosure-service-frontend/app/controllers/CheckYourAnswersController.scala
2022.07.21 14:01:43 WARN  no build target for: /Users/mikeburns/Documents/hmrc/digital-disclosure-service-frontend/app/controllers/LanguageSwitchController.scala
2022.07.21 14:01:44 WARN  no build target for: /Users/mikeburns/Documents/hmrc/digital-disclosure-service-frontend/app/controllers/CheckYourAnswersController.scala
2022.07.21 14:01:46 WARN  no build target for: /Users/mikeburns/Documents/hmrc/digital-disclosure-service-frontend/app/controllers/actions/DataRequiredAction.scala
2022.07.21 14:01:46 WARN  no build target for: /Users/mikeburns/Documents/hmrc/digital-disclosure-service-frontend/app/controllers/actions/DataRetrievalAction.scala
2022.07.21 14:01:47 WARN  no build target for: /Users/mikeburns/Documents/hmrc/digital-disclosure-service-frontend/app/controllers/actions/IdentifierAction.scala
2022.07.21 14:01:48 WARN  no build target for: /Users/mikeburns/Documents/hmrc/digital-disclosure-service-frontend/app/controllers/CheckYourAnswersController.scala
2022.07.21 14:01:49 WARN  no build target for: /Users/mikeburns/Documents/hmrc/digital-disclosure-service-frontend/app/controllers/IndexController.scala
2022.07.21 14:01:50 WARN  no build target for: /Users/mikeburns/Documents/hmrc/digital-disclosure-service-frontend/app/controllers/KeepAliveController.scala
Jul 26, 2022 1:31:33 PM org.eclipse.lsp4j.jsonrpc.RemoteEndpoint handleCancellation
WARNING: Unmatched cancel notification for request id 106
2022.07.26 13:31:36 INFO  shutting down Metals
2022.08.03 11:43:14 INFO  tracing is disabled for protocol LSP, to enable tracing of incoming and outgoing JSON messages create an empty file at /Users/mikeburns/Documents/hmrc/digital-disclosure-service-frontend/.metals/lsp.trace.json or /Users/mikeburns/Library/Caches/org.scalameta.metals/lsp.trace.json
2022.08.03 11:43:16 INFO  logging to file /Users/mikeburns/Documents/hmrc/digital-disclosure-service-frontend/.metals/metals.log
2022.08.03 11:43:16 INFO  Started: Metals version 0.11.7 in workspace '/Users/mikeburns/Documents/hmrc/digital-disclosure-service-frontend' for client Visual Studio Code 1.67.1.
2022.08.03 11:43:17 INFO  time: initialize in 1.63s
2022.08.03 11:43:17 WARN  Flyway upgrade recommended: H2 2.1.214 is newer than this version of Flyway and support has not been tested. The latest supported version of H2 is 2.1.210.
2022.08.03 11:43:18 WARN  Build server is not auto-connectable.
2022.08.03 11:43:19 INFO  skipping build import with status 'Requested'
2022.08.03 11:47:43 WARN  no build target for: /Users/mikeburns/Documents/hmrc/digital-disclosure-service-frontend/project/AppDependencies.scala
2022.08.03 11:47:52 INFO  no build target found for /Users/mikeburns/Documents/hmrc/digital-disclosure-service-frontend/project/AppDependencies.scala. Using presentation compiler with project's scala-library version: 3.1.3
Aug 03, 2022 11:47:54 AM org.eclipse.lsp4j.jsonrpc.RemoteEndpoint handleCancellation
WARNING: Unmatched cancel notification for request id 13
Aug 03, 2022 11:47:54 AM org.eclipse.lsp4j.jsonrpc.RemoteEndpoint handleCancellation
WARNING: Unmatched cancel notification for request id 20
Aug 03, 2022 11:47:54 AM org.eclipse.lsp4j.jsonrpc.RemoteEndpoint handleCancellation
WARNING: Unmatched cancel notification for request id 21
Aug 03, 2022 11:47:54 AM org.eclipse.lsp4j.jsonrpc.RemoteEndpoint handleCancellation
WARNING: Unmatched cancel notification for request id 22
2022.08.03 11:48:02 INFO  time: code lens generation in 8.92s
2022.08.03 11:48:02 INFO  time: code lens generation in 9.2s
2022.08.03 11:48:02 INFO  time: code lens generation in 8.92s
2022.08.03 11:48:02 INFO  time: code lens generation in 18s
2022.08.03 11:48:02 INFO  time: code lens generation in 9.19s
2022.08.03 11:48:02 INFO  time: code lens generation in 18s
2022.08.03 11:48:29 WARN  no build target for: /Users/mikeburns/Documents/hmrc/digital-disclosure-service-frontend/project/AppDependencies.scala
